2017-05-29 11:06:13,441 INFO  [org.jboss.modules] (main) JBoss Modules version 1.5.1.Final
2017-05-29 11:06:20,830 INFO  [org.jboss.msc] (main) JBoss MSC version 1.2.6.Final
2017-05-29 11:06:21,898 INFO  [org.jboss.as] (MSC service thread 1-8) WFLYSRV0049: Keycloak 3.1.0.Final (WildFly Core 2.0.10.Final) starting
2017-05-29 11:06:21,958 DEBUG [org.jboss.as.config] (MSC service thread 1-8) Configured system properties:
	awt.toolkit = sun.awt.windows.WToolkit
	file.encoding = Cp1251
	file.encoding.pkg = sun.io
	file.separator = \
	java.awt.graphicsenv = sun.awt.Win32GraphicsEnvironment
	java.awt.printerjob = sun.awt.windows.WPrinterJob
	java.class.path = D:\Source\keycloak-3.1.0.Final\project\jboss-modules.jar
	java.class.version = 52.0
	java.endorsed.dirs = C:\Program Files\Java\jdk1.8.0_111\jre\lib\endorsed
	java.ext.dirs = C:\Program Files\Java\jdk1.8.0_111\jre\lib\ext;C:\windows\Sun\Java\lib\ext
	java.home = C:\Program Files\Java\jdk1.8.0_111\jre
	java.io.tmpdir = C:\Users\RUDOME~1\AppData\Local\Temp\
	java.library.path = C:\Program Files\Java\jdk1.8.0_111\bin;C:\windows\Sun\Java\bin;C:\windows\system32;C:\windows;C:\ProgramData\Oracle\Java\javapath;C:\windows\system32;C:\windows;C:\windows\System32\Wbem;C:\windows\System32\WindowsPowerShell\v1.0\;C:\nodejs\;C:\Users\rudometov\.dnx\bin;C:\Program Files\Microsoft DNX\Dnvm\;C:\Program Files\Microsoft SQL Server\120\Tools\Binn\;C:\Program Files\Microsoft SQL Server\130\Tools\Binn\;C:\Program Files\Git\cmd;C:\Program Files (x86)\Skype\Phone\;C:\Program Files (x86)\OpenVPN\bin;C:\Users\rudometov\AppData\Roaming\npm;.
	java.net.preferIPv4Stack = true
	java.runtime.name = Java(TM) SE Runtime Environment
	java.runtime.version = 1.8.0_111-b14
	java.specification.name = Java Platform API Specification
	java.specification.vendor = Oracle Corporation
	java.specification.version = 1.8
	java.util.logging.manager = org.jboss.logmanager.LogManager
	java.vendor = Oracle Corporation
	java.vendor.url = http://java.oracle.com/
	java.vendor.url.bug = http://bugreport.sun.com/bugreport/
	java.version = 1.8.0_111
	java.vm.info = mixed mode
	java.vm.name = Java HotSpot(TM) 64-Bit Server VM
	java.vm.specification.name = Java Virtual Machine Specification
	java.vm.specification.vendor = Oracle Corporation
	java.vm.specification.version = 1.8
	java.vm.vendor = Oracle Corporation
	java.vm.version = 25.111-b14
	javax.management.builder.initial = org.jboss.as.jmx.PluggableMBeanServerBuilder
	javax.xml.datatype.DatatypeFactory = __redirected.__DatatypeFactory
	javax.xml.parsers.DocumentBuilderFactory = __redirected.__DocumentBuilderFactory
	javax.xml.parsers.SAXParserFactory = __redirected.__SAXParserFactory
	javax.xml.stream.XMLEventFactory = __redirected.__XMLEventFactory
	javax.xml.stream.XMLInputFactory = __redirected.__XMLInputFactory
	javax.xml.stream.XMLOutputFactory = __redirected.__XMLOutputFactory
	javax.xml.transform.TransformerFactory = __redirected.__TransformerFactory
	javax.xml.validation.SchemaFactory:http://www.w3.org/2001/XMLSchema = __redirected.__SchemaFactory
	javax.xml.xpath.XPathFactory:http://java.sun.com/jaxp/xpath/dom = __redirected.__XPathFactory
	jboss.home.dir = D:\Source\keycloak-3.1.0.Final\project
	jboss.host.name = p10034
	jboss.modules.dir = D:\Source\keycloak-3.1.0.Final\project\modules
	jboss.modules.system.pkgs = org.jboss.byteman
	jboss.node.name = p10034
	jboss.qualified.host.name = p10034
	jboss.server.base.dir = D:\Source\keycloak-3.1.0.Final\project\standalone
	jboss.server.config.dir = D:\Source\keycloak-3.1.0.Final\project\standalone\configuration
	jboss.server.data.dir = D:\Source\keycloak-3.1.0.Final\project\standalone\data
	jboss.server.deploy.dir = D:\Source\keycloak-3.1.0.Final\project\standalone\data\content
	jboss.server.log.dir = D:\Source\keycloak-3.1.0.Final\project\standalone\log
	jboss.server.name = p10034
	jboss.server.persist.config = true
	jboss.server.temp.dir = D:\Source\keycloak-3.1.0.Final\project\standalone\tmp
	line.separator = 

	logging.configuration = file:D:\Source\keycloak-3.1.0.Final\project\standalone\configuration/logging.properties
	module.path = D:\Source\keycloak-3.1.0.Final\project\modules
	org.jboss.boot.log.file = D:\Source\keycloak-3.1.0.Final\project\standalone\log\server.log
	org.jboss.resolver.warning = true
	org.xml.sax.driver = __redirected.__XMLReaderFactory
	os.arch = amd64
	os.name = Windows 10
	os.version = 10.0
	path.separator = ;
	program.name = standalone.bat
	sun.arch.data.model = 64
	sun.boot.class.path = C:\Program Files\Java\jdk1.8.0_111\jre\lib\resources.jar;C:\Program Files\Java\jdk1.8.0_111\jre\lib\rt.jar;C:\Program Files\Java\jdk1.8.0_111\jre\lib\sunrsasign.jar;C:\Program Files\Java\jdk1.8.0_111\jre\lib\jsse.jar;C:\Program Files\Java\jdk1.8.0_111\jre\lib\jce.jar;C:\Program Files\Java\jdk1.8.0_111\jre\lib\charsets.jar;C:\Program Files\Java\jdk1.8.0_111\jre\lib\jfr.jar;C:\Program Files\Java\jdk1.8.0_111\jre\classes
	sun.boot.library.path = C:\Program Files\Java\jdk1.8.0_111\jre\bin
	sun.cpu.endian = little
	sun.cpu.isalist = amd64
	sun.desktop = windows
	sun.io.unicode.encoding = UnicodeLittle
	sun.java.command = D:\Source\keycloak-3.1.0.Final\project\jboss-modules.jar -mp D:\Source\keycloak-3.1.0.Final\project\modules org.jboss.as.standalone -Djboss.home.dir=D:\Source\keycloak-3.1.0.Final\project
	sun.java.launcher = SUN_STANDARD
	sun.jnu.encoding = Cp1251
	sun.management.compiler = HotSpot 64-Bit Tiered Compilers
	sun.os.patch.level = 
	sun.stderr.encoding = cp866
	sun.stdout.encoding = cp866
	user.country = US
	user.country.format = RU
	user.dir = D:\Source\keycloak-3.1.0.Final\project\bin
	user.home = C:\Users\rudometov
	user.language = en
	user.language.format = ru
	user.name = rudometov
	user.script = 
	user.timezone = Asia/Yekaterinburg
	user.variant = 
2017-05-29 11:06:22,321 DEBUG [org.jboss.as.config] (MSC service thread 1-8) VM Arguments: -Dprogram.name=standalone.bat -Xms64M -Xmx512M -XX:MetaspaceSize=96M -XX:MaxMetaspaceSize=256m -Djava.net.preferIPv4Stack=true -Djboss.modules.system.pkgs=org.jboss.byteman -Dorg.jboss.boot.log.file=D:\Source\keycloak-3.1.0.Final\project\standalone\log\server.log -Dlogging.configuration=file:D:\Source\keycloak-3.1.0.Final\project\standalone\configuration/logging.properties 
2017-05-29 11:06:33,444 INFO  [org.jboss.as.server] (Controller Boot Thread) WFLYSRV0039: Creating http management service using socket-binding (management-http)
2017-05-29 11:06:34,133 INFO  [org.xnio] (MSC service thread 1-8) XNIO version 3.3.4.Final
2017-05-29 11:06:34,328 INFO  [org.xnio.nio] (MSC service thread 1-8) XNIO NIO Implementation Version 3.3.4.Final
2017-05-29 11:06:35,088 INFO  [org.jboss.as.clustering.infinispan] (ServerService Thread Pool -- 32) WFLYCLINF0001: Activating Infinispan subsystem.
2017-05-29 11:06:35,084 WARN  [org.jboss.as.txn] (ServerService Thread Pool -- 45) WFLYTX0013: Node identifier property is set to the default value. Please make sure it is unique.
2017-05-29 11:06:35,096 INFO  [org.wildfly.extension.io] (ServerService Thread Pool -- 31) WFLYIO001: Worker 'default' has auto-configured to 8 core threads with 64 task threads based on your 4 available processors
2017-05-29 11:06:35,096 INFO  [org.jboss.as.naming] (ServerService Thread Pool -- 40) WFLYNAM0001: Activating Naming Subsystem
2017-05-29 11:06:35,099 INFO  [org.jboss.as.security] (ServerService Thread Pool -- 44) WFLYSEC0002: Activating Security Subsystem
2017-05-29 11:06:35,103 INFO  [org.jboss.as.jsf] (ServerService Thread Pool -- 38) WFLYJSF0007: Activated the following JSF Implementations: [main]
2017-05-29 11:06:35,111 INFO  [org.jboss.as.security] (MSC service thread 1-1) WFLYSEC0001: Current PicketBox version=4.9.4.Final
2017-05-29 11:06:35,116 INFO  [org.jboss.as.connector] (MSC service thread 1-7) WFLYJCA0009: Starting JCA Subsystem (WildFly/IronJacamar 1.3.2.Final)
2017-05-29 11:06:35,947 INFO  [org.wildfly.extension.undertow] (MSC service thread 1-2) WFLYUT0003: Undertow 1.3.15.Final starting
2017-05-29 11:06:35,947 INFO  [org.wildfly.extension.undertow] (ServerService Thread Pool -- 46) WFLYUT0003: Undertow 1.3.15.Final starting
2017-05-29 11:06:36,972 INFO  [org.jboss.as.connector.subsystems.datasources] (ServerService Thread Pool -- 27) WFLYJCA0004: Deploying JDBC-compliant driver class org.h2.Driver (version 1.3)
2017-05-29 11:06:37,005 INFO  [org.jboss.as.connector.deployers.jdbc] (MSC service thread 1-1) WFLYJCA0018: Started Driver service with driver-name = h2
2017-05-29 11:06:37,085 INFO  [org.wildfly.extension.undertow] (ServerService Thread Pool -- 46) WFLYUT0014: Creating file handler for path 'D:\Source\keycloak-3.1.0.Final\project/welcome-content' with options [directory-listing: 'false', follow-symlink: 'false', case-sensitive: 'true', safe-symlink-paths: '[]']
2017-05-29 11:06:37,470 INFO  [org.jboss.as.ejb3] (MSC service thread 1-1) WFLYEJB0482: Strict pool mdb-strict-max-pool is using a max instance size of 16 (per class), which is derived from the number of CPUs on this host.
2017-05-29 11:06:37,470 INFO  [org.jboss.as.ejb3] (MSC service thread 1-4) WFLYEJB0481: Strict pool slsb-strict-max-pool is using a max instance size of 64 (per class), which is derived from thread worker pool sizing.
2017-05-29 11:06:37,476 INFO  [org.jboss.as.naming] (MSC service thread 1-4) WFLYNAM0003: Starting Naming Service
2017-05-29 11:06:37,477 INFO  [org.jboss.as.mail.extension] (MSC service thread 1-1) WFLYMAIL0001: Bound mail session [java:jboss/mail/Default]
2017-05-29 11:06:39,984 INFO  [org.jboss.as.server.deployment.scanner] (MSC service thread 1-1) WFLYDS0013: Started FileSystemDeploymentService for directory D:\Source\keycloak-3.1.0.Final\project\standalone\deployments
2017-05-29 11:06:39,991 INFO  [org.jboss.as.server.deployment] (MSC service thread 1-1) WFLYSRV0027: Starting deployment of "keycloak-server.war" (runtime-name: "keycloak-server.war")
2017-05-29 11:06:40,005 INFO  [org.wildfly.extension.undertow] (MSC service thread 1-8) WFLYUT0012: Started server default-server.
2017-05-29 11:06:40,032 INFO  [org.jboss.remoting] (MSC service thread 1-4) JBoss Remoting version 4.0.18.Final
2017-05-29 11:06:40,094 INFO  [org.wildfly.extension.undertow] (MSC service thread 1-1) WFLYUT0018: Host default-host starting
2017-05-29 11:06:40,282 INFO  [org.wildfly.extension.undertow] (MSC service thread 1-7) WFLYUT0006: Undertow HTTP listener default listening on 127.0.0.1:8080
2017-05-29 11:06:40,499 INFO  [org.jboss.as.connector.subsystems.datasources] (MSC service thread 1-7) WFLYJCA0001: Bound data source [java:jboss/datasources/KeycloakDS]
2017-05-29 11:06:40,500 INFO  [org.jboss.as.connector.subsystems.datasources] (MSC service thread 1-8) WFLYJCA0001: Bound data source [java:jboss/datasources/ExampleDS]
2017-05-29 11:06:40,663 INFO  [org.infinispan.factories.GlobalComponentRegistry] (MSC service thread 1-6) ISPN000128: Infinispan version: Infinispan 'Mahou' 8.1.0.Final
2017-05-29 11:06:40,664 INFO  [org.infinispan.factories.GlobalComponentRegistry] (MSC service thread 1-5) ISPN000128: Infinispan version: Infinispan 'Mahou' 8.1.0.Final
2017-05-29 11:06:40,664 INFO  [org.infinispan.factories.GlobalComponentRegistry] (MSC service thread 1-1) ISPN000128: Infinispan version: Infinispan 'Mahou' 8.1.0.Final
2017-05-29 11:06:40,665 INFO  [org.infinispan.factories.GlobalComponentRegistry] (MSC service thread 1-3) ISPN000128: Infinispan version: Infinispan 'Mahou' 8.1.0.Final
2017-05-29 11:06:40,666 INFO  [org.infinispan.factories.GlobalComponentRegistry] (MSC service thread 1-4) ISPN000128: Infinispan version: Infinispan 'Mahou' 8.1.0.Final
2017-05-29 11:06:43,794 INFO  [org.jboss.as.clustering.infinispan] (ServerService Thread Pool -- 53) WFLYCLINF0002: Started loginFailures cache from keycloak container
2017-05-29 11:06:43,794 INFO  [org.jboss.as.clustering.infinispan] (ServerService Thread Pool -- 55) WFLYCLINF0002: Started users cache from keycloak container
2017-05-29 11:06:43,794 INFO  [org.jboss.as.clustering.infinispan] (ServerService Thread Pool -- 49) WFLYCLINF0002: Started sessions cache from keycloak container
2017-05-29 11:06:43,794 INFO  [org.jboss.as.clustering.infinispan] (ServerService Thread Pool -- 48) WFLYCLINF0002: Started keys cache from keycloak container
2017-05-29 11:06:43,794 INFO  [org.jboss.as.clustering.infinispan] (ServerService Thread Pool -- 51) WFLYCLINF0002: Started offlineSessions cache from keycloak container
2017-05-29 11:06:43,794 INFO  [org.jboss.as.clustering.infinispan] (ServerService Thread Pool -- 50) WFLYCLINF0002: Started realms cache from keycloak container
2017-05-29 11:06:43,795 INFO  [org.jboss.as.clustering.infinispan] (ServerService Thread Pool -- 52) WFLYCLINF0002: Started work cache from keycloak container
2017-05-29 11:06:43,795 INFO  [org.jboss.as.clustering.infinispan] (ServerService Thread Pool -- 54) WFLYCLINF0002: Started authorization cache from keycloak container
2017-05-29 11:06:46,690 INFO  [org.keycloak.services] (ServerService Thread Pool -- 50) KC-SERVICES0001: Loading config from standalone.xml or domain.xml
2017-05-29 11:06:57,416 INFO  [org.jboss.as.clustering.infinispan] (ServerService Thread Pool -- 50) WFLYCLINF0002: Started realmRevisions cache from keycloak container
2017-05-29 11:06:57,416 INFO  [org.jboss.as.clustering.infinispan] (ServerService Thread Pool -- 50) WFLYCLINF0002: Started userRevisions cache from keycloak container
2017-05-29 11:06:58,525 INFO  [org.hibernate.jpa.internal.util.LogHelper] (ServerService Thread Pool -- 50) HHH000204: Processing PersistenceUnitInfo [
	name: keycloak-default
	...]
2017-05-29 11:06:58,592 INFO  [org.hibernate.Version] (ServerService Thread Pool -- 50) HHH000412: Hibernate Core {5.0.7.Final}
2017-05-29 11:06:58,593 INFO  [org.hibernate.cfg.Environment] (ServerService Thread Pool -- 50) HHH000206: hibernate.properties not found
2017-05-29 11:06:58,594 INFO  [org.hibernate.cfg.Environment] (ServerService Thread Pool -- 50) HHH000021: Bytecode provider name : javassist
2017-05-29 11:06:58,618 INFO  [org.hibernate.annotations.common.Version] (ServerService Thread Pool -- 50) HCANN000001: Hibernate Commons Annotations {5.0.1.Final}
2017-05-29 11:06:58,799 INFO  [org.hibernate.dialect.Dialect] (ServerService Thread Pool -- 50) HHH000400: Using dialect: org.hibernate.dialect.H2Dialect
2017-05-29 11:06:58,804 WARN  [org.hibernate.dialect.H2Dialect] (ServerService Thread Pool -- 50) HHH000431: Unable to determine H2 database version, certain features may not work
2017-05-29 11:06:58,837 INFO  [org.hibernate.envers.boot.internal.EnversServiceImpl] (ServerService Thread Pool -- 50) Envers integration enabled? : true
2017-05-29 11:06:59,305 INFO  [org.hibernate.validator.internal.util.Version] (ServerService Thread Pool -- 50) HV000001: Hibernate Validator 5.2.3.Final
2017-05-29 11:07:00,151 INFO  [org.hibernate.hql.internal.QueryTranslatorFactoryInitiator] (ServerService Thread Pool -- 50) HHH000397: Using ASTQueryTranslatorFactory
2017-05-29 11:07:01,388 INFO  [org.jboss.resteasy.resteasy_jaxrs.i18n] (ServerService Thread Pool -- 50) RESTEASY002225: Deploying javax.ws.rs.core.Application: class org.keycloak.services.resources.KeycloakApplication
2017-05-29 11:07:01,389 INFO  [org.jboss.resteasy.resteasy_jaxrs.i18n] (ServerService Thread Pool -- 50) RESTEASY002200: Adding class resource org.keycloak.services.resources.JsResource from Application class org.keycloak.services.resources.KeycloakApplication
2017-05-29 11:07:01,389 INFO  [org.jboss.resteasy.resteasy_jaxrs.i18n] (ServerService Thread Pool -- 50) RESTEASY002205: Adding provider class org.keycloak.services.filters.KeycloakTransactionCommitter from Application class org.keycloak.services.resources.KeycloakApplication
2017-05-29 11:07:01,390 INFO  [org.jboss.resteasy.resteasy_jaxrs.i18n] (ServerService Thread Pool -- 50) RESTEASY002200: Adding class resource org.keycloak.services.resources.ThemeResource from Application class org.keycloak.services.resources.KeycloakApplication
2017-05-29 11:07:01,390 INFO  [org.jboss.resteasy.resteasy_jaxrs.i18n] (ServerService Thread Pool -- 50) RESTEASY002220: Adding singleton resource org.keycloak.services.resources.ServerVersionResource from Application class org.keycloak.services.resources.KeycloakApplication
2017-05-29 11:07:01,390 INFO  [org.jboss.resteasy.resteasy_jaxrs.i18n] (ServerService Thread Pool -- 50) RESTEASY002210: Adding provider singleton org.keycloak.services.util.ObjectMapperResolver from Application class org.keycloak.services.resources.KeycloakApplication
2017-05-29 11:07:01,400 INFO  [org.jboss.resteasy.resteasy_jaxrs.i18n] (ServerService Thread Pool -- 50) RESTEASY002220: Adding singleton resource org.keycloak.services.resources.admin.AdminRoot from Application class org.keycloak.services.resources.KeycloakApplication
2017-05-29 11:07:01,401 INFO  [org.jboss.resteasy.resteasy_jaxrs.i18n] (ServerService Thread Pool -- 50) RESTEASY002220: Adding singleton resource org.keycloak.services.resources.RobotsResource from Application class org.keycloak.services.resources.KeycloakApplication
2017-05-29 11:07:01,401 INFO  [org.jboss.resteasy.resteasy_jaxrs.i18n] (ServerService Thread Pool -- 50) RESTEASY002220: Adding singleton resource org.keycloak.services.resources.RealmsResource from Application class org.keycloak.services.resources.KeycloakApplication
2017-05-29 11:07:01,401 INFO  [org.jboss.resteasy.resteasy_jaxrs.i18n] (ServerService Thread Pool -- 50) RESTEASY002220: Adding singleton resource org.keycloak.services.resources.WelcomeResource from Application class org.keycloak.services.resources.KeycloakApplication
2017-05-29 11:07:01,471 INFO  [org.wildfly.extension.undertow] (ServerService Thread Pool -- 50) WFLYUT0021: Registered web context: /auth
2017-05-29 11:07:01,634 INFO  [org.jboss.as.server] (ServerService Thread Pool -- 47) WFLYSRV0010: Deployed "keycloak-server.war" (runtime-name : "keycloak-server.war")
2017-05-29 11:07:01,738 INFO  [org.jboss.as] (Controller Boot Thread) WFLYSRV0060: Http management interface listening on http://127.0.0.1:9990/management
2017-05-29 11:07:01,739 INFO  [org.jboss.as] (Controller Boot Thread) WFLYSRV0051: Admin console listening on http://127.0.0.1:9990
2017-05-29 11:07:01,739 INFO  [org.jboss.as] (Controller Boot Thread) WFLYSRV0025: Keycloak 3.1.0.Final (WildFly Core 2.0.10.Final) started in 52278ms - Started 425 of 783 services (526 services are lazy, passive or on-demand)
2017-05-29 11:20:41,610 ERROR [org.keycloak.theme.ExtendingThemeManager] (default task-13) Failed to find LOGIN theme devTheme, using built-in themes
2017-05-29 11:20:44,102 ERROR [org.keycloak.theme.ExtendingThemeManager] (default task-22) Failed to find LOGIN theme devTheme, using built-in themes
2017-05-29 11:20:48,087 ERROR [org.keycloak.theme.ExtendingThemeManager] (default task-23) Failed to find LOGIN theme devTheme, using built-in themes
2017-05-29 11:20:48,264 ERROR [org.keycloak.theme.ExtendingThemeManager] (default task-27) Failed to find LOGIN theme devTheme, using built-in themes
2017-05-29 12:18:56,568 INFO  [org.jboss.modules] (main) JBoss Modules version 1.5.1.Final
2017-05-29 12:18:56,685 INFO  [org.jboss.msc] (main) JBoss MSC version 1.2.6.Final
2017-05-29 12:18:56,734 INFO  [org.jboss.as] (MSC service thread 1-7) WFLYSRV0049: Keycloak 3.1.0.Final (WildFly Core 2.0.10.Final) starting
2017-05-29 12:18:56,735 DEBUG [org.jboss.as.config] (MSC service thread 1-7) Configured system properties:
	awt.toolkit = sun.awt.windows.WToolkit
	file.encoding = Cp1251
	file.encoding.pkg = sun.io
	file.separator = \
	java.awt.graphicsenv = sun.awt.Win32GraphicsEnvironment
	java.awt.printerjob = sun.awt.windows.WPrinterJob
	java.class.path = D:\Source\keycloak-3.1.0.Final\project\jboss-modules.jar
	java.class.version = 52.0
	java.endorsed.dirs = C:\Program Files\Java\jdk1.8.0_111\jre\lib\endorsed
	java.ext.dirs = C:\Program Files\Java\jdk1.8.0_111\jre\lib\ext;C:\windows\Sun\Java\lib\ext
	java.home = C:\Program Files\Java\jdk1.8.0_111\jre
	java.io.tmpdir = C:\Users\RUDOME~1\AppData\Local\Temp\
	java.library.path = C:\Program Files\Java\jdk1.8.0_111\bin;C:\windows\Sun\Java\bin;C:\windows\system32;C:\windows;C:\ProgramData\Oracle\Java\javapath;C:\windows\system32;C:\windows;C:\windows\System32\Wbem;C:\windows\System32\WindowsPowerShell\v1.0\;C:\nodejs\;C:\Users\rudometov\.dnx\bin;C:\Program Files\Microsoft DNX\Dnvm\;C:\Program Files\Microsoft SQL Server\120\Tools\Binn\;C:\Program Files\Microsoft SQL Server\130\Tools\Binn\;C:\Program Files\Git\cmd;C:\Program Files (x86)\Skype\Phone\;C:\Program Files (x86)\OpenVPN\bin;C:\Users\rudometov\AppData\Roaming\npm;.
	java.net.preferIPv4Stack = true
	java.runtime.name = Java(TM) SE Runtime Environment
	java.runtime.version = 1.8.0_111-b14
	java.specification.name = Java Platform API Specification
	java.specification.vendor = Oracle Corporation
	java.specification.version = 1.8
	java.util.logging.manager = org.jboss.logmanager.LogManager
	java.vendor = Oracle Corporation
	java.vendor.url = http://java.oracle.com/
	java.vendor.url.bug = http://bugreport.sun.com/bugreport/
	java.version = 1.8.0_111
	java.vm.info = mixed mode
	java.vm.name = Java HotSpot(TM) 64-Bit Server VM
	java.vm.specification.name = Java Virtual Machine Specification
	java.vm.specification.vendor = Oracle Corporation
	java.vm.specification.version = 1.8
	java.vm.vendor = Oracle Corporation
	java.vm.version = 25.111-b14
	javax.management.builder.initial = org.jboss.as.jmx.PluggableMBeanServerBuilder
	javax.xml.datatype.DatatypeFactory = __redirected.__DatatypeFactory
	javax.xml.parsers.DocumentBuilderFactory = __redirected.__DocumentBuilderFactory
	javax.xml.parsers.SAXParserFactory = __redirected.__SAXParserFactory
	javax.xml.stream.XMLEventFactory = __redirected.__XMLEventFactory
	javax.xml.stream.XMLInputFactory = __redirected.__XMLInputFactory
	javax.xml.stream.XMLOutputFactory = __redirected.__XMLOutputFactory
	javax.xml.transform.TransformerFactory = __redirected.__TransformerFactory
	javax.xml.validation.SchemaFactory:http://www.w3.org/2001/XMLSchema = __redirected.__SchemaFactory
	javax.xml.xpath.XPathFactory:http://java.sun.com/jaxp/xpath/dom = __redirected.__XPathFactory
	jboss.home.dir = D:\Source\keycloak-3.1.0.Final\project
	jboss.host.name = p10034
	jboss.modules.dir = D:\Source\keycloak-3.1.0.Final\project\modules
	jboss.modules.system.pkgs = org.jboss.byteman
	jboss.node.name = p10034
	jboss.qualified.host.name = p10034
	jboss.server.base.dir = D:\Source\keycloak-3.1.0.Final\project\standalone
	jboss.server.config.dir = D:\Source\keycloak-3.1.0.Final\project\standalone\configuration
	jboss.server.data.dir = D:\Source\keycloak-3.1.0.Final\project\standalone\data
	jboss.server.deploy.dir = D:\Source\keycloak-3.1.0.Final\project\standalone\data\content
	jboss.server.log.dir = D:\Source\keycloak-3.1.0.Final\project\standalone\log
	jboss.server.name = p10034
	jboss.server.persist.config = true
	jboss.server.temp.dir = D:\Source\keycloak-3.1.0.Final\project\standalone\tmp
	line.separator = 

	logging.configuration = file:D:\Source\keycloak-3.1.0.Final\project\standalone\configuration/logging.properties
	module.path = D:\Source\keycloak-3.1.0.Final\project\modules
	org.jboss.boot.log.file = D:\Source\keycloak-3.1.0.Final\project\standalone\log\server.log
	org.jboss.resolver.warning = true
	org.xml.sax.driver = __redirected.__XMLReaderFactory
	os.arch = amd64
	os.name = Windows 10
	os.version = 10.0
	path.separator = ;
	program.name = standalone.bat
	sun.arch.data.model = 64
	sun.boot.class.path = C:\Program Files\Java\jdk1.8.0_111\jre\lib\resources.jar;C:\Program Files\Java\jdk1.8.0_111\jre\lib\rt.jar;C:\Program Files\Java\jdk1.8.0_111\jre\lib\sunrsasign.jar;C:\Program Files\Java\jdk1.8.0_111\jre\lib\jsse.jar;C:\Program Files\Java\jdk1.8.0_111\jre\lib\jce.jar;C:\Program Files\Java\jdk1.8.0_111\jre\lib\charsets.jar;C:\Program Files\Java\jdk1.8.0_111\jre\lib\jfr.jar;C:\Program Files\Java\jdk1.8.0_111\jre\classes
	sun.boot.library.path = C:\Program Files\Java\jdk1.8.0_111\jre\bin
	sun.cpu.endian = little
	sun.cpu.isalist = amd64
	sun.desktop = windows
	sun.io.unicode.encoding = UnicodeLittle
	sun.java.command = D:\Source\keycloak-3.1.0.Final\project\jboss-modules.jar -mp D:\Source\keycloak-3.1.0.Final\project\modules org.jboss.as.standalone -Djboss.home.dir=D:\Source\keycloak-3.1.0.Final\project
	sun.java.launcher = SUN_STANDARD
	sun.jnu.encoding = Cp1251
	sun.management.compiler = HotSpot 64-Bit Tiered Compilers
	sun.os.patch.level = 
	sun.stderr.encoding = cp866
	sun.stdout.encoding = cp866
	user.country = US
	user.country.format = RU
	user.dir = D:\Source\keycloak-3.1.0.Final\project\bin
	user.home = C:\Users\rudometov
	user.language = en
	user.language.format = ru
	user.name = rudometov
	user.script = 
	user.timezone = Asia/Yekaterinburg
	user.variant = 
2017-05-29 12:18:56,735 DEBUG [org.jboss.as.config] (MSC service thread 1-7) VM Arguments: -Dprogram.name=standalone.bat -Xms64M -Xmx512M -XX:MetaspaceSize=96M -XX:MaxMetaspaceSize=256m -Djava.net.preferIPv4Stack=true -Djboss.modules.system.pkgs=org.jboss.byteman -Dorg.jboss.boot.log.file=D:\Source\keycloak-3.1.0.Final\project\standalone\log\server.log -Dlogging.configuration=file:D:\Source\keycloak-3.1.0.Final\project\standalone\configuration/logging.properties 
2017-05-29 12:18:57,511 INFO  [org.jboss.as.server] (Controller Boot Thread) WFLYSRV0039: Creating http management service using socket-binding (management-http)
2017-05-29 12:18:57,524 INFO  [org.xnio] (MSC service thread 1-4) XNIO version 3.3.4.Final
2017-05-29 12:18:57,529 INFO  [org.xnio.nio] (MSC service thread 1-4) XNIO NIO Implementation Version 3.3.4.Final
2017-05-29 12:18:57,557 INFO  [org.jboss.as.clustering.infinispan] (ServerService Thread Pool -- 32) WFLYCLINF0001: Activating Infinispan subsystem.
2017-05-29 12:18:57,571 INFO  [org.wildfly.extension.io] (ServerService Thread Pool -- 31) WFLYIO001: Worker 'default' has auto-configured to 8 core threads with 64 task threads based on your 4 available processors
2017-05-29 12:18:57,576 INFO  [org.jboss.as.connector] (MSC service thread 1-3) WFLYJCA0009: Starting JCA Subsystem (WildFly/IronJacamar 1.3.2.Final)
2017-05-29 12:18:57,589 INFO  [org.jboss.as.connector.subsystems.datasources] (ServerService Thread Pool -- 27) WFLYJCA0004: Deploying JDBC-compliant driver class org.h2.Driver (version 1.3)
2017-05-29 12:18:57,609 WARN  [org.jboss.as.txn] (ServerService Thread Pool -- 45) WFLYTX0013: Node identifier property is set to the default value. Please make sure it is unique.
2017-05-29 12:18:57,614 INFO  [org.jboss.as.security] (ServerService Thread Pool -- 44) WFLYSEC0002: Activating Security Subsystem
2017-05-29 12:18:57,615 INFO  [org.jboss.as.naming] (ServerService Thread Pool -- 40) WFLYNAM0001: Activating Naming Subsystem
2017-05-29 12:18:57,623 INFO  [org.jboss.as.connector.deployers.jdbc] (MSC service thread 1-2) WFLYJCA0018: Started Driver service with driver-name = h2
2017-05-29 12:18:57,627 INFO  [org.wildfly.extension.undertow] (MSC service thread 1-5) WFLYUT0003: Undertow 1.3.15.Final starting
2017-05-29 12:18:57,629 INFO  [org.wildfly.extension.undertow] (ServerService Thread Pool -- 46) WFLYUT0003: Undertow 1.3.15.Final starting
2017-05-29 12:18:57,632 INFO  [org.jboss.as.jsf] (ServerService Thread Pool -- 38) WFLYJSF0007: Activated the following JSF Implementations: [main]
2017-05-29 12:18:57,685 INFO  [org.jboss.as.ejb3] (MSC service thread 1-1) WFLYEJB0481: Strict pool slsb-strict-max-pool is using a max instance size of 64 (per class), which is derived from thread worker pool sizing.
2017-05-29 12:18:57,685 INFO  [org.jboss.as.ejb3] (MSC service thread 1-3) WFLYEJB0482: Strict pool mdb-strict-max-pool is using a max instance size of 16 (per class), which is derived from the number of CPUs on this host.
2017-05-29 12:18:57,788 INFO  [org.jboss.as.security] (MSC service thread 1-2) WFLYSEC0001: Current PicketBox version=4.9.4.Final
2017-05-29 12:18:57,810 INFO  [org.wildfly.extension.undertow] (ServerService Thread Pool -- 46) WFLYUT0014: Creating file handler for path 'D:\Source\keycloak-3.1.0.Final\project/welcome-content' with options [directory-listing: 'false', follow-symlink: 'false', case-sensitive: 'true', safe-symlink-paths: '[]']
2017-05-29 12:18:57,821 INFO  [org.jboss.as.naming] (MSC service thread 1-5) WFLYNAM0003: Starting Naming Service
2017-05-29 12:18:57,822 INFO  [org.jboss.as.mail.extension] (MSC service thread 1-2) WFLYMAIL0001: Bound mail session [java:jboss/mail/Default]
2017-05-29 12:18:57,937 INFO  [org.wildfly.extension.undertow] (MSC service thread 1-7) WFLYUT0012: Started server default-server.
2017-05-29 12:18:57,944 INFO  [org.jboss.remoting] (MSC service thread 1-4) JBoss Remoting version 4.0.18.Final
2017-05-29 12:18:57,974 INFO  [org.wildfly.extension.undertow] (MSC service thread 1-7) WFLYUT0018: Host default-host starting
2017-05-29 12:18:58,033 INFO  [org.wildfly.extension.undertow] (MSC service thread 1-6) WFLYUT0006: Undertow HTTP listener default listening on 127.0.0.1:8080
2017-05-29 12:18:58,074 INFO  [org.jboss.as.server.deployment.scanner] (MSC service thread 1-6) WFLYDS0013: Started FileSystemDeploymentService for directory D:\Source\keycloak-3.1.0.Final\project\standalone\deployments
2017-05-29 12:18:58,085 INFO  [org.jboss.as.server.deployment] (MSC service thread 1-4) WFLYSRV0027: Starting deployment of "keycloak-server.war" (runtime-name: "keycloak-server.war")
2017-05-29 12:18:58,183 INFO  [org.infinispan.factories.GlobalComponentRegistry] (MSC service thread 1-6) ISPN000128: Infinispan version: Infinispan 'Mahou' 8.1.0.Final
2017-05-29 12:18:58,184 INFO  [org.infinispan.factories.GlobalComponentRegistry] (MSC service thread 1-8) ISPN000128: Infinispan version: Infinispan 'Mahou' 8.1.0.Final
2017-05-29 12:18:58,186 INFO  [org.infinispan.factories.GlobalComponentRegistry] (MSC service thread 1-7) ISPN000128: Infinispan version: Infinispan 'Mahou' 8.1.0.Final
2017-05-29 12:18:58,185 INFO  [org.infinispan.factories.GlobalComponentRegistry] (MSC service thread 1-1) ISPN000128: Infinispan version: Infinispan 'Mahou' 8.1.0.Final
2017-05-29 12:18:58,187 INFO  [org.infinispan.factories.GlobalComponentRegistry] (MSC service thread 1-3) ISPN000128: Infinispan version: Infinispan 'Mahou' 8.1.0.Final
2017-05-29 12:18:58,207 INFO  [org.jboss.as.connector.subsystems.datasources] (MSC service thread 1-4) WFLYJCA0001: Bound data source [java:jboss/datasources/KeycloakDS]
2017-05-29 12:18:58,209 INFO  [org.jboss.as.connector.subsystems.datasources] (MSC service thread 1-2) WFLYJCA0001: Bound data source [java:jboss/datasources/ExampleDS]
2017-05-29 12:18:58,423 INFO  [org.jboss.as.clustering.infinispan] (ServerService Thread Pool -- 50) WFLYCLINF0002: Started realms cache from keycloak container
2017-05-29 12:18:58,424 INFO  [org.jboss.as.clustering.infinispan] (ServerService Thread Pool -- 53) WFLYCLINF0002: Started keys cache from keycloak container
2017-05-29 12:18:58,425 INFO  [org.jboss.as.clustering.infinispan] (ServerService Thread Pool -- 56) WFLYCLINF0002: Started sessions cache from keycloak container
2017-05-29 12:18:58,425 INFO  [org.jboss.as.clustering.infinispan] (ServerService Thread Pool -- 55) WFLYCLINF0002: Started loginFailures cache from keycloak container
2017-05-29 12:18:58,426 INFO  [org.jboss.as.clustering.infinispan] (ServerService Thread Pool -- 54) WFLYCLINF0002: Started authorization cache from keycloak container
2017-05-29 12:18:58,425 INFO  [org.jboss.as.clustering.infinispan] (ServerService Thread Pool -- 49) WFLYCLINF0002: Started users cache from keycloak container
2017-05-29 12:18:58,431 INFO  [org.jboss.as.clustering.infinispan] (ServerService Thread Pool -- 51) WFLYCLINF0002: Started work cache from keycloak container
2017-05-29 12:18:58,433 INFO  [org.jboss.as.clustering.infinispan] (ServerService Thread Pool -- 52) WFLYCLINF0002: Started offlineSessions cache from keycloak container
2017-05-29 12:18:59,110 INFO  [org.keycloak.services] (ServerService Thread Pool -- 56) KC-SERVICES0001: Loading config from standalone.xml or domain.xml
2017-05-29 12:19:03,953 INFO  [org.jboss.as.clustering.infinispan] (ServerService Thread Pool -- 56) WFLYCLINF0002: Started realmRevisions cache from keycloak container
2017-05-29 12:19:03,958 INFO  [org.jboss.as.clustering.infinispan] (ServerService Thread Pool -- 56) WFLYCLINF0002: Started userRevisions cache from keycloak container
2017-05-29 12:19:04,792 INFO  [org.hibernate.jpa.internal.util.LogHelper] (ServerService Thread Pool -- 56) HHH000204: Processing PersistenceUnitInfo [
	name: keycloak-default
	...]
2017-05-29 12:19:04,824 INFO  [org.hibernate.Version] (ServerService Thread Pool -- 56) HHH000412: Hibernate Core {5.0.7.Final}
2017-05-29 12:19:04,825 INFO  [org.hibernate.cfg.Environment] (ServerService Thread Pool -- 56) HHH000206: hibernate.properties not found
2017-05-29 12:19:04,826 INFO  [org.hibernate.cfg.Environment] (ServerService Thread Pool -- 56) HHH000021: Bytecode provider name : javassist
2017-05-29 12:19:04,845 INFO  [org.hibernate.annotations.common.Version] (ServerService Thread Pool -- 56) HCANN000001: Hibernate Commons Annotations {5.0.1.Final}
2017-05-29 12:19:04,976 INFO  [org.hibernate.dialect.Dialect] (ServerService Thread Pool -- 56) HHH000400: Using dialect: org.hibernate.dialect.H2Dialect
2017-05-29 12:19:04,980 WARN  [org.hibernate.dialect.H2Dialect] (ServerService Thread Pool -- 56) HHH000431: Unable to determine H2 database version, certain features may not work
2017-05-29 12:19:05,001 INFO  [org.hibernate.envers.boot.internal.EnversServiceImpl] (ServerService Thread Pool -- 56) Envers integration enabled? : true
2017-05-29 12:19:05,304 INFO  [org.hibernate.validator.internal.util.Version] (ServerService Thread Pool -- 56) HV000001: Hibernate Validator 5.2.3.Final
2017-05-29 12:19:05,825 INFO  [org.hibernate.hql.internal.QueryTranslatorFactoryInitiator] (ServerService Thread Pool -- 56) HHH000397: Using ASTQueryTranslatorFactory
2017-05-29 12:19:06,773 INFO  [org.jboss.resteasy.resteasy_jaxrs.i18n] (ServerService Thread Pool -- 56) RESTEASY002225: Deploying javax.ws.rs.core.Application: class org.keycloak.services.resources.KeycloakApplication
2017-05-29 12:19:06,774 INFO  [org.jboss.resteasy.resteasy_jaxrs.i18n] (ServerService Thread Pool -- 56) RESTEASY002200: Adding class resource org.keycloak.services.resources.JsResource from Application class org.keycloak.services.resources.KeycloakApplication
2017-05-29 12:19:06,775 INFO  [org.jboss.resteasy.resteasy_jaxrs.i18n] (ServerService Thread Pool -- 56) RESTEASY002205: Adding provider class org.keycloak.services.filters.KeycloakTransactionCommitter from Application class org.keycloak.services.resources.KeycloakApplication
2017-05-29 12:19:06,775 INFO  [org.jboss.resteasy.resteasy_jaxrs.i18n] (ServerService Thread Pool -- 56) RESTEASY002200: Adding class resource org.keycloak.services.resources.ThemeResource from Application class org.keycloak.services.resources.KeycloakApplication
2017-05-29 12:19:06,775 INFO  [org.jboss.resteasy.resteasy_jaxrs.i18n] (ServerService Thread Pool -- 56) RESTEASY002220: Adding singleton resource org.keycloak.services.resources.admin.AdminRoot from Application class org.keycloak.services.resources.KeycloakApplication
2017-05-29 12:19:06,775 INFO  [org.jboss.resteasy.resteasy_jaxrs.i18n] (ServerService Thread Pool -- 56) RESTEASY002220: Adding singleton resource org.keycloak.services.resources.ServerVersionResource from Application class org.keycloak.services.resources.KeycloakApplication
2017-05-29 12:19:06,776 INFO  [org.jboss.resteasy.resteasy_jaxrs.i18n] (ServerService Thread Pool -- 56) RESTEASY002220: Adding singleton resource org.keycloak.services.resources.RealmsResource from Application class org.keycloak.services.resources.KeycloakApplication
2017-05-29 12:19:06,778 INFO  [org.jboss.resteasy.resteasy_jaxrs.i18n] (ServerService Thread Pool -- 56) RESTEASY002220: Adding singleton resource org.keycloak.services.resources.WelcomeResource from Application class org.keycloak.services.resources.KeycloakApplication
2017-05-29 12:19:06,778 INFO  [org.jboss.resteasy.resteasy_jaxrs.i18n] (ServerService Thread Pool -- 56) RESTEASY002210: Adding provider singleton org.keycloak.services.util.ObjectMapperResolver from Application class org.keycloak.services.resources.KeycloakApplication
2017-05-29 12:19:06,779 INFO  [org.jboss.resteasy.resteasy_jaxrs.i18n] (ServerService Thread Pool -- 56) RESTEASY002220: Adding singleton resource org.keycloak.services.resources.RobotsResource from Application class org.keycloak.services.resources.KeycloakApplication
2017-05-29 12:19:06,829 INFO  [org.wildfly.extension.undertow] (ServerService Thread Pool -- 56) WFLYUT0021: Registered web context: /auth
2017-05-29 12:19:06,850 INFO  [org.jboss.as.server] (ServerService Thread Pool -- 47) WFLYSRV0010: Deployed "keycloak-server.war" (runtime-name : "keycloak-server.war")
2017-05-29 12:19:06,894 INFO  [org.jboss.as] (Controller Boot Thread) WFLYSRV0060: Http management interface listening on http://127.0.0.1:9990/management
2017-05-29 12:19:06,894 INFO  [org.jboss.as] (Controller Boot Thread) WFLYSRV0051: Admin console listening on http://127.0.0.1:9990
2017-05-29 12:19:06,895 INFO  [org.jboss.as] (Controller Boot Thread) WFLYSRV0025: Keycloak 3.1.0.Final (WildFly Core 2.0.10.Final) started in 10523ms - Started 425 of 783 services (526 services are lazy, passive or on-demand)
2017-05-29 12:25:27,227 WARN  [org.keycloak.events] (default task-1) type=REFRESH_TOKEN_ERROR, realmId=master, clientId=security-admin-console, userId=4f4287a3-2dac-4172-b515-61395c913355, ipAddress=127.0.0.1, error=invalid_token, grant_type=refresh_token, refresh_token_type=Refresh, refresh_token_id=c6c3ddd8-8c3a-48c7-b548-1fe5a2b58602, client_auth_method=client-secret
2017-05-29 14:18:01,181 WARN  [org.keycloak.events] (default task-46) type=REFRESH_TOKEN_ERROR, realmId=master, clientId=security-admin-console, userId=null, ipAddress=127.0.0.1, error=invalid_token, grant_type=refresh_token, client_auth_method=client-secret
2017-05-29 14:41:35,916 INFO  [org.jboss.modules] (main) JBoss Modules version 1.5.1.Final
2017-05-29 14:41:36,038 INFO  [org.jboss.msc] (main) JBoss MSC version 1.2.6.Final
2017-05-29 14:41:36,086 INFO  [org.jboss.as] (MSC service thread 1-7) WFLYSRV0049: Keycloak 3.1.0.Final (WildFly Core 2.0.10.Final) starting
2017-05-29 14:41:36,087 DEBUG [org.jboss.as.config] (MSC service thread 1-7) Configured system properties:
	awt.toolkit = sun.awt.windows.WToolkit
	file.encoding = Cp1251
	file.encoding.pkg = sun.io
	file.separator = \
	java.awt.graphicsenv = sun.awt.Win32GraphicsEnvironment
	java.awt.printerjob = sun.awt.windows.WPrinterJob
	java.class.path = D:\Source\keycloak-3.1.0.Final\project\jboss-modules.jar
	java.class.version = 52.0
	java.endorsed.dirs = C:\Program Files\Java\jdk1.8.0_111\jre\lib\endorsed
	java.ext.dirs = C:\Program Files\Java\jdk1.8.0_111\jre\lib\ext;C:\windows\Sun\Java\lib\ext
	java.home = C:\Program Files\Java\jdk1.8.0_111\jre
	java.io.tmpdir = C:\Users\RUDOME~1\AppData\Local\Temp\
	java.library.path = C:\Program Files\Java\jdk1.8.0_111\bin;C:\windows\Sun\Java\bin;C:\windows\system32;C:\windows;C:\ProgramData\Oracle\Java\javapath;C:\windows\system32;C:\windows;C:\windows\System32\Wbem;C:\windows\System32\WindowsPowerShell\v1.0\;C:\nodejs\;C:\Users\rudometov\.dnx\bin;C:\Program Files\Microsoft DNX\Dnvm\;C:\Program Files\Microsoft SQL Server\120\Tools\Binn\;C:\Program Files\Microsoft SQL Server\130\Tools\Binn\;C:\Program Files\Git\cmd;C:\Program Files (x86)\Skype\Phone\;C:\Program Files (x86)\OpenVPN\bin;C:\Users\rudometov\AppData\Roaming\npm;.
	java.net.preferIPv4Stack = true
	java.runtime.name = Java(TM) SE Runtime Environment
	java.runtime.version = 1.8.0_111-b14
	java.specification.name = Java Platform API Specification
	java.specification.vendor = Oracle Corporation
	java.specification.version = 1.8
	java.util.logging.manager = org.jboss.logmanager.LogManager
	java.vendor = Oracle Corporation
	java.vendor.url = http://java.oracle.com/
	java.vendor.url.bug = http://bugreport.sun.com/bugreport/
	java.version = 1.8.0_111
	java.vm.info = mixed mode
	java.vm.name = Java HotSpot(TM) 64-Bit Server VM
	java.vm.specification.name = Java Virtual Machine Specification
	java.vm.specification.vendor = Oracle Corporation
	java.vm.specification.version = 1.8
	java.vm.vendor = Oracle Corporation
	java.vm.version = 25.111-b14
	javax.management.builder.initial = org.jboss.as.jmx.PluggableMBeanServerBuilder
	javax.xml.datatype.DatatypeFactory = __redirected.__DatatypeFactory
	javax.xml.parsers.DocumentBuilderFactory = __redirected.__DocumentBuilderFactory
	javax.xml.parsers.SAXParserFactory = __redirected.__SAXParserFactory
	javax.xml.stream.XMLEventFactory = __redirected.__XMLEventFactory
	javax.xml.stream.XMLInputFactory = __redirected.__XMLInputFactory
	javax.xml.stream.XMLOutputFactory = __redirected.__XMLOutputFactory
	javax.xml.transform.TransformerFactory = __redirected.__TransformerFactory
	javax.xml.validation.SchemaFactory:http://www.w3.org/2001/XMLSchema = __redirected.__SchemaFactory
	javax.xml.xpath.XPathFactory:http://java.sun.com/jaxp/xpath/dom = __redirected.__XPathFactory
	jboss.home.dir = D:\Source\keycloak-3.1.0.Final\project
	jboss.host.name = p10034
	jboss.modules.dir = D:\Source\keycloak-3.1.0.Final\project\modules
	jboss.modules.system.pkgs = org.jboss.byteman
	jboss.node.name = p10034
	jboss.qualified.host.name = p10034
	jboss.server.base.dir = D:\Source\keycloak-3.1.0.Final\project\standalone
	jboss.server.config.dir = D:\Source\keycloak-3.1.0.Final\project\standalone\configuration
	jboss.server.data.dir = D:\Source\keycloak-3.1.0.Final\project\standalone\data
	jboss.server.deploy.dir = D:\Source\keycloak-3.1.0.Final\project\standalone\data\content
	jboss.server.log.dir = D:\Source\keycloak-3.1.0.Final\project\standalone\log
	jboss.server.name = p10034
	jboss.server.persist.config = true
	jboss.server.temp.dir = D:\Source\keycloak-3.1.0.Final\project\standalone\tmp
	line.separator = 

	logging.configuration = file:D:\Source\keycloak-3.1.0.Final\project\standalone\configuration/logging.properties
	module.path = D:\Source\keycloak-3.1.0.Final\project\modules
	org.jboss.boot.log.file = D:\Source\keycloak-3.1.0.Final\project\standalone\log\server.log
	org.jboss.resolver.warning = true
	org.xml.sax.driver = __redirected.__XMLReaderFactory
	os.arch = amd64
	os.name = Windows 10
	os.version = 10.0
	path.separator = ;
	program.name = standalone.bat
	sun.arch.data.model = 64
	sun.boot.class.path = C:\Program Files\Java\jdk1.8.0_111\jre\lib\resources.jar;C:\Program Files\Java\jdk1.8.0_111\jre\lib\rt.jar;C:\Program Files\Java\jdk1.8.0_111\jre\lib\sunrsasign.jar;C:\Program Files\Java\jdk1.8.0_111\jre\lib\jsse.jar;C:\Program Files\Java\jdk1.8.0_111\jre\lib\jce.jar;C:\Program Files\Java\jdk1.8.0_111\jre\lib\charsets.jar;C:\Program Files\Java\jdk1.8.0_111\jre\lib\jfr.jar;C:\Program Files\Java\jdk1.8.0_111\jre\classes
	sun.boot.library.path = C:\Program Files\Java\jdk1.8.0_111\jre\bin
	sun.cpu.endian = little
	sun.cpu.isalist = amd64
	sun.desktop = windows
	sun.io.unicode.encoding = UnicodeLittle
	sun.java.command = D:\Source\keycloak-3.1.0.Final\project\jboss-modules.jar -mp D:\Source\keycloak-3.1.0.Final\project\modules org.jboss.as.standalone -Djboss.home.dir=D:\Source\keycloak-3.1.0.Final\project
	sun.java.launcher = SUN_STANDARD
	sun.jnu.encoding = Cp1251
	sun.management.compiler = HotSpot 64-Bit Tiered Compilers
	sun.os.patch.level = 
	sun.stderr.encoding = cp866
	sun.stdout.encoding = cp866
	user.country = US
	user.country.format = RU
	user.dir = D:\Source\keycloak-3.1.0.Final\project\bin
	user.home = C:\Users\rudometov
	user.language = en
	user.language.format = ru
	user.name = rudometov
	user.script = 
	user.timezone = Asia/Yekaterinburg
	user.variant = 
2017-05-29 14:41:36,087 DEBUG [org.jboss.as.config] (MSC service thread 1-7) VM Arguments: -Dprogram.name=standalone.bat -Xms64M -Xmx512M -XX:MetaspaceSize=96M -XX:MaxMetaspaceSize=256m -Djava.net.preferIPv4Stack=true -Djboss.modules.system.pkgs=org.jboss.byteman -Dorg.jboss.boot.log.file=D:\Source\keycloak-3.1.0.Final\project\standalone\log\server.log -Dlogging.configuration=file:D:\Source\keycloak-3.1.0.Final\project\standalone\configuration/logging.properties 
2017-05-29 14:41:36,826 INFO  [org.jboss.as.server] (Controller Boot Thread) WFLYSRV0039: Creating http management service using socket-binding (management-http)
2017-05-29 14:41:36,842 INFO  [org.xnio] (MSC service thread 1-7) XNIO version 3.3.4.Final
2017-05-29 14:41:36,847 INFO  [org.xnio.nio] (MSC service thread 1-7) XNIO NIO Implementation Version 3.3.4.Final
2017-05-29 14:41:36,873 INFO  [org.jboss.as.clustering.infinispan] (ServerService Thread Pool -- 32) WFLYCLINF0001: Activating Infinispan subsystem.
2017-05-29 14:41:36,876 INFO  [org.wildfly.extension.io] (ServerService Thread Pool -- 31) WFLYIO001: Worker 'default' has auto-configured to 8 core threads with 64 task threads based on your 4 available processors
2017-05-29 14:41:36,887 INFO  [org.jboss.as.connector.subsystems.datasources] (ServerService Thread Pool -- 27) WFLYJCA0004: Deploying JDBC-compliant driver class org.h2.Driver (version 1.3)
2017-05-29 14:41:36,951 INFO  [org.jboss.as.jsf] (ServerService Thread Pool -- 38) WFLYJSF0007: Activated the following JSF Implementations: [main]
2017-05-29 14:41:36,972 INFO  [org.jboss.as.naming] (ServerService Thread Pool -- 40) WFLYNAM0001: Activating Naming Subsystem
2017-05-29 14:41:36,981 INFO  [org.jboss.as.connector] (MSC service thread 1-6) WFLYJCA0009: Starting JCA Subsystem (WildFly/IronJacamar 1.3.2.Final)
2017-05-29 14:41:36,990 INFO  [org.jboss.as.ejb3] (MSC service thread 1-5) WFLYEJB0481: Strict pool slsb-strict-max-pool is using a max instance size of 64 (per class), which is derived from thread worker pool sizing.
2017-05-29 14:41:37,005 WARN  [org.jboss.as.txn] (ServerService Thread Pool -- 45) WFLYTX0013: Node identifier property is set to the default value. Please make sure it is unique.
2017-05-29 14:41:37,005 INFO  [org.jboss.as.ejb3] (MSC service thread 1-3) WFLYEJB0482: Strict pool mdb-strict-max-pool is using a max instance size of 16 (per class), which is derived from the number of CPUs on this host.
2017-05-29 14:41:37,006 INFO  [org.jboss.as.connector.deployers.jdbc] (MSC service thread 1-8) WFLYJCA0018: Started Driver service with driver-name = h2
2017-05-29 14:41:37,010 INFO  [org.jboss.as.security] (ServerService Thread Pool -- 44) WFLYSEC0002: Activating Security Subsystem
2017-05-29 14:41:37,018 INFO  [org.wildfly.extension.undertow] (ServerService Thread Pool -- 46) WFLYUT0003: Undertow 1.3.15.Final starting
2017-05-29 14:41:37,030 INFO  [org.jboss.as.security] (MSC service thread 1-8) WFLYSEC0001: Current PicketBox version=4.9.4.Final
2017-05-29 14:41:37,030 INFO  [org.wildfly.extension.undertow] (MSC service thread 1-3) WFLYUT0003: Undertow 1.3.15.Final starting
2017-05-29 14:41:37,070 INFO  [org.wildfly.extension.undertow] (ServerService Thread Pool -- 46) WFLYUT0014: Creating file handler for path 'D:\Source\keycloak-3.1.0.Final\project/welcome-content' with options [directory-listing: 'false', follow-symlink: 'false', case-sensitive: 'true', safe-symlink-paths: '[]']
2017-05-29 14:41:37,094 INFO  [org.jboss.as.naming] (MSC service thread 1-5) WFLYNAM0003: Starting Naming Service
2017-05-29 14:41:37,103 INFO  [org.jboss.as.mail.extension] (MSC service thread 1-4) WFLYMAIL0001: Bound mail session [java:jboss/mail/Default]
2017-05-29 14:41:37,227 INFO  [org.wildfly.extension.undertow] (MSC service thread 1-2) WFLYUT0012: Started server default-server.
2017-05-29 14:41:37,243 INFO  [org.jboss.remoting] (MSC service thread 1-8) JBoss Remoting version 4.0.18.Final
2017-05-29 14:41:37,321 INFO  [org.wildfly.extension.undertow] (MSC service thread 1-1) WFLYUT0018: Host default-host starting
2017-05-29 14:41:37,340 INFO  [org.jboss.as.server.deployment] (MSC service thread 1-6) WFLYSRV0027: Starting deployment of "keycloak-server.war" (runtime-name: "keycloak-server.war")
2017-05-29 14:41:37,348 INFO  [org.jboss.as.server.deployment.scanner] (MSC service thread 1-1) WFLYDS0013: Started FileSystemDeploymentService for directory D:\Source\keycloak-3.1.0.Final\project\standalone\deployments
2017-05-29 14:41:37,385 INFO  [org.wildfly.extension.undertow] (MSC service thread 1-7) WFLYUT0006: Undertow HTTP listener default listening on 127.0.0.1:8080
2017-05-29 14:41:37,492 INFO  [org.jboss.as.connector.subsystems.datasources] (MSC service thread 1-5) WFLYJCA0001: Bound data source [java:jboss/datasources/ExampleDS]
2017-05-29 14:41:37,502 INFO  [org.jboss.as.connector.subsystems.datasources] (MSC service thread 1-4) WFLYJCA0001: Bound data source [java:jboss/datasources/KeycloakDS]
2017-05-29 14:41:37,528 INFO  [org.infinispan.factories.GlobalComponentRegistry] (MSC service thread 1-6) ISPN000128: Infinispan version: Infinispan 'Mahou' 8.1.0.Final
2017-05-29 14:41:37,529 INFO  [org.infinispan.factories.GlobalComponentRegistry] (MSC service thread 1-3) ISPN000128: Infinispan version: Infinispan 'Mahou' 8.1.0.Final
2017-05-29 14:41:37,530 INFO  [org.infinispan.factories.GlobalComponentRegistry] (MSC service thread 1-1) ISPN000128: Infinispan version: Infinispan 'Mahou' 8.1.0.Final
2017-05-29 14:41:37,536 INFO  [org.infinispan.factories.GlobalComponentRegistry] (MSC service thread 1-2) ISPN000128: Infinispan version: Infinispan 'Mahou' 8.1.0.Final
2017-05-29 14:41:37,537 INFO  [org.infinispan.factories.GlobalComponentRegistry] (MSC service thread 1-7) ISPN000128: Infinispan version: Infinispan 'Mahou' 8.1.0.Final
2017-05-29 14:41:37,688 INFO  [org.jboss.as.clustering.infinispan] (ServerService Thread Pool -- 52) WFLYCLINF0002: Started offlineSessions cache from keycloak container
2017-05-29 14:41:37,688 INFO  [org.jboss.as.clustering.infinispan] (ServerService Thread Pool -- 55) WFLYCLINF0002: Started keys cache from keycloak container
2017-05-29 14:41:37,689 INFO  [org.jboss.as.clustering.infinispan] (ServerService Thread Pool -- 49) WFLYCLINF0002: Started authorization cache from keycloak container
2017-05-29 14:41:37,689 INFO  [org.jboss.as.clustering.infinispan] (ServerService Thread Pool -- 54) WFLYCLINF0002: Started work cache from keycloak container
2017-05-29 14:41:37,689 INFO  [org.jboss.as.clustering.infinispan] (ServerService Thread Pool -- 53) WFLYCLINF0002: Started loginFailures cache from keycloak container
2017-05-29 14:41:37,690 INFO  [org.jboss.as.clustering.infinispan] (ServerService Thread Pool -- 48) WFLYCLINF0002: Started sessions cache from keycloak container
2017-05-29 14:41:37,690 INFO  [org.jboss.as.clustering.infinispan] (ServerService Thread Pool -- 50) WFLYCLINF0002: Started realms cache from keycloak container
2017-05-29 14:41:37,690 INFO  [org.jboss.as.clustering.infinispan] (ServerService Thread Pool -- 51) WFLYCLINF0002: Started users cache from keycloak container
2017-05-29 14:41:38,337 INFO  [org.keycloak.services] (ServerService Thread Pool -- 50) KC-SERVICES0001: Loading config from standalone.xml or domain.xml
2017-05-29 14:41:43,163 INFO  [org.jboss.as.clustering.infinispan] (ServerService Thread Pool -- 50) WFLYCLINF0002: Started realmRevisions cache from keycloak container
2017-05-29 14:41:43,168 INFO  [org.jboss.as.clustering.infinispan] (ServerService Thread Pool -- 50) WFLYCLINF0002: Started userRevisions cache from keycloak container
2017-05-29 14:41:44,051 INFO  [org.hibernate.jpa.internal.util.LogHelper] (ServerService Thread Pool -- 50) HHH000204: Processing PersistenceUnitInfo [
	name: keycloak-default
	...]
2017-05-29 14:41:44,084 INFO  [org.hibernate.Version] (ServerService Thread Pool -- 50) HHH000412: Hibernate Core {5.0.7.Final}
2017-05-29 14:41:44,085 INFO  [org.hibernate.cfg.Environment] (ServerService Thread Pool -- 50) HHH000206: hibernate.properties not found
2017-05-29 14:41:44,087 INFO  [org.hibernate.cfg.Environment] (ServerService Thread Pool -- 50) HHH000021: Bytecode provider name : javassist
2017-05-29 14:41:44,106 INFO  [org.hibernate.annotations.common.Version] (ServerService Thread Pool -- 50) HCANN000001: Hibernate Commons Annotations {5.0.1.Final}
2017-05-29 14:41:44,187 INFO  [org.hibernate.dialect.Dialect] (ServerService Thread Pool -- 50) HHH000400: Using dialect: org.hibernate.dialect.H2Dialect
2017-05-29 14:41:44,191 WARN  [org.hibernate.dialect.H2Dialect] (ServerService Thread Pool -- 50) HHH000431: Unable to determine H2 database version, certain features may not work
2017-05-29 14:41:44,211 INFO  [org.hibernate.envers.boot.internal.EnversServiceImpl] (ServerService Thread Pool -- 50) Envers integration enabled? : true
2017-05-29 14:41:44,524 INFO  [org.hibernate.validator.internal.util.Version] (ServerService Thread Pool -- 50) HV000001: Hibernate Validator 5.2.3.Final
2017-05-29 14:41:44,970 INFO  [org.hibernate.hql.internal.QueryTranslatorFactoryInitiator] (ServerService Thread Pool -- 50) HHH000397: Using ASTQueryTranslatorFactory
2017-05-29 14:41:45,865 INFO  [org.jboss.resteasy.resteasy_jaxrs.i18n] (ServerService Thread Pool -- 50) RESTEASY002225: Deploying javax.ws.rs.core.Application: class org.keycloak.services.resources.KeycloakApplication
2017-05-29 14:41:45,866 INFO  [org.jboss.resteasy.resteasy_jaxrs.i18n] (ServerService Thread Pool -- 50) RESTEASY002200: Adding class resource org.keycloak.services.resources.ThemeResource from Application class org.keycloak.services.resources.KeycloakApplication
2017-05-29 14:41:45,867 INFO  [org.jboss.resteasy.resteasy_jaxrs.i18n] (ServerService Thread Pool -- 50) RESTEASY002205: Adding provider class org.keycloak.services.filters.KeycloakTransactionCommitter from Application class org.keycloak.services.resources.KeycloakApplication
2017-05-29 14:41:45,867 INFO  [org.jboss.resteasy.resteasy_jaxrs.i18n] (ServerService Thread Pool -- 50) RESTEASY002200: Adding class resource org.keycloak.services.resources.JsResource from Application class org.keycloak.services.resources.KeycloakApplication
2017-05-29 14:41:45,867 INFO  [org.jboss.resteasy.resteasy_jaxrs.i18n] (ServerService Thread Pool -- 50) RESTEASY002220: Adding singleton resource org.keycloak.services.resources.WelcomeResource from Application class org.keycloak.services.resources.KeycloakApplication
2017-05-29 14:41:45,868 INFO  [org.jboss.resteasy.resteasy_jaxrs.i18n] (ServerService Thread Pool -- 50) RESTEASY002220: Adding singleton resource org.keycloak.services.resources.admin.AdminRoot from Application class org.keycloak.services.resources.KeycloakApplication
2017-05-29 14:41:45,868 INFO  [org.jboss.resteasy.resteasy_jaxrs.i18n] (ServerService Thread Pool -- 50) RESTEASY002210: Adding provider singleton org.keycloak.services.util.ObjectMapperResolver from Application class org.keycloak.services.resources.KeycloakApplication
2017-05-29 14:41:45,870 INFO  [org.jboss.resteasy.resteasy_jaxrs.i18n] (ServerService Thread Pool -- 50) RESTEASY002220: Adding singleton resource org.keycloak.services.resources.ServerVersionResource from Application class org.keycloak.services.resources.KeycloakApplication
2017-05-29 14:41:45,871 INFO  [org.jboss.resteasy.resteasy_jaxrs.i18n] (ServerService Thread Pool -- 50) RESTEASY002220: Adding singleton resource org.keycloak.services.resources.RobotsResource from Application class org.keycloak.services.resources.KeycloakApplication
2017-05-29 14:41:45,871 INFO  [org.jboss.resteasy.resteasy_jaxrs.i18n] (ServerService Thread Pool -- 50) RESTEASY002220: Adding singleton resource org.keycloak.services.resources.RealmsResource from Application class org.keycloak.services.resources.KeycloakApplication
2017-05-29 14:41:45,921 INFO  [org.wildfly.extension.undertow] (ServerService Thread Pool -- 50) WFLYUT0021: Registered web context: /auth
2017-05-29 14:41:45,942 INFO  [org.jboss.as.server] (ServerService Thread Pool -- 47) WFLYSRV0010: Deployed "keycloak-server.war" (runtime-name : "keycloak-server.war")
2017-05-29 14:41:45,987 INFO  [org.jboss.as] (Controller Boot Thread) WFLYSRV0060: Http management interface listening on http://127.0.0.1:9990/management
2017-05-29 14:41:45,988 INFO  [org.jboss.as] (Controller Boot Thread) WFLYSRV0051: Admin console listening on http://127.0.0.1:9990
2017-05-29 14:41:45,988 INFO  [org.jboss.as] (Controller Boot Thread) WFLYSRV0025: Keycloak 3.1.0.Final (WildFly Core 2.0.10.Final) started in 10269ms - Started 425 of 783 services (526 services are lazy, passive or on-demand)
